FragmentQuoteViewerWithActivity/app/build/intermediates/manifest_merge_blame_file/debug/manifest-merger-blame-debug-report.txt
1<?xml version="1.0" encoding="utf-8"?>
2<manifest xmlns:android="http://schemas.android.com/apk/res/android"
3    package="course.examples.fragments.quoteviewerwithactivity"
4    android:versionCode="1"
5    android:versionName="1.0" >
6
7    <uses-sdk
8        android:minSdkVersion="21"
8-->src\main\AndroidManifest.xml
9        android:targetSdkVersion="29" />
9-->src\main\AndroidManifest.xml
10
11    <application
11-->src\main\AndroidManifest.xml:8:5-26:19
12        android:allowBackup="true"
12-->src\main\AndroidManifest.xml:9:9-35
13        android:debuggable="true"
14        android:icon="@mipmap/ic_launcher"
14-->src\main\AndroidManifest.xml:11:9-43
15        android:label="@string/app_name"
15-->src\main\AndroidManifest.xml:12:9-41
16        android:testOnly="true"
17        android:theme="@style/MaterialTheme" >
17-->src\main\AndroidManifest.xml:10:9-45
18        <activity
18-->src\main\AndroidManifest.xml:13:9-21:20
19            android:name="course.examples.fragments.quoteviewerwithactivity.TitlesListActivity"
19-->src\main\AndroidManifest.xml:14:13-96
20            android:label="@string/app_name" >
20-->src\main\AndroidManifest.xml:15:13-45
21            <intent-filter>
21-->src\main\AndroidManifest.xml:16:13-20:29
22                <action android:name="android.intent.action.MAIN" />
22-->src\main\AndroidManifest.xml:17:17-69
22-->src\main\AndroidManifest.xml:17:25-66
23
24                <category android:name="android.intent.category.LAUNCHER" />
24-->src\main\AndroidManifest.xml:19:17-77
24-->src\main\AndroidManifest.xml:19:27-74
25            </intent-filter>
26        </activity>
27        <activity
27-->src\main\AndroidManifest.xml:22:9-25:20
28            android:name="course.examples.fragments.quoteviewerwithactivity.QuoteListActivity"
28-->src\main\AndroidManifest.xml:23:13-95
29            android:label="@string/app_name" >
29-->src\main\AndroidManifest.xml:24:13-45
30        </activity>
31    </application>
32
33</manifest>